<?xml version="1.0" encoding="UTF-8"?>
<testsuite name="runers.consumoservices.ConsumoServices" tests="0" skipped="0" failures="0" errors="0" timestamp="1970-01-01T00:00:00" hostname="DESKTOP-JSEMBU6" time="0.0">
  <properties/>
  <system-out><![CDATA[18:34:14.038 [Test worker] WARN com.intuit.karate - skipping bootstrap configuration: could not find or read file: classpath:karate-config.js
---------------------------------------------------------
feature: src/test/resources/features/consumoservices/consumo_services.feature
scenarios:  1 | passed:  1 | failed:  0 | time: 1,7807
---------------------------------------------------------
HTML report: (paste into browser to view) | Karate version: 0.9.4
file:/C:/Users/pcc/Documents/GitHub/services-/build/surefire-reports/src.test.resources.features.consumoservices.consumo_services.html
---------------------------------------------------------

]]></system-out>
  <system-err><![CDATA[]]></system-err>
</testsuite>
